23:31:10.062 INFO [GridLauncherV3.parse] - Selenium server version: 3.141.59, revision: e82be7d358
23:31:10.238 INFO [GridLauncherV3.lambda$buildLaunchers$3] - Launching a standalone Selenium Server on port 4444
2021-01-15 23:31:10.374:INFO::main: Logging initialized @806ms to org.seleniumhq.jetty9.util.log.StdErrLog
23:31:11.070 INFO [WebDriverServlet.<init>] - Initialising WebDriverServlet
23:31:11.401 INFO [SeleniumServer.boot] - Selenium Server is up and running on port 4444
23:31:17.909 INFO [ActiveSessionFactory.apply] - Capabilities are: {
  "acceptSslCerts": true,
  "browserName": "chrome",
  "chromeOptions": {
    "w3c": false,
    "args": [
      "disable-gpu"
    ]
  },
  "javascriptEnabled": true,
  "name": "Register"
}
23:31:17.914 INFO [ActiveSessionFactory.lambda$apply$11] - Matched factory org.openqa.selenium.grid.session.remote.ServicedSession$Factory (provider: org.openqa.selenium.chrome.ChromeDriverService)
Starting ChromeDriver 87.0.4280.20 (c99e81631faa0b2a448e658c0dbd8311fb04ddbd-refs/branch-heads/4280@{#355}) on port 13139
Only local connections are allowed.
Please see https://chromedriver.chromium.org/security-considerations for suggestions on keeping ChromeDriver safe.
ChromeDriver was started successfully.
23:31:22.419 INFO [ProtocolHandshake.createSession] - Detected dialect: OSS
23:31:23.602 INFO [RemoteSession$Factory.lambda$performHandshake$0] - Started new session c2c72489ae4d2ca6f12c62f1b6da6492 (org.openqa.selenium.chrome.ChromeDriverService)
23:31:42.134 INFO [ActiveSessions$1.onStop] - Removing session c2c72489ae4d2ca6f12c62f1b6da6492 (org.openqa.selenium.chrome.ChromeDriverService)
